Namespace(n=2048, embed=[6, 16, 'mlp'], embed_dim=16, res_dim_ratio=0.25, bias=False, use_xyz=True, norm_mode='anchor', dim_ratio=[2, 2, 2, 1], num_blocks1=[1, 1, 2, 1], num_blocks2=[1, 1, 2, 1], k_neighbors=[24, 24, 24, 24], sampling_mode=['fps', 'fps', 'fps', 'fps'], sampling_ratio=[2, 2, 2, 2], de_dims=[512, 256, 128, 128], de_blocks=[2, 2, 2, 2], gmp_dim=64, cls_dim=64, num_cls=50, model='seg_shapenet', msg='-20250218154811-None', batch_size=128, test_batch_size=32, epochs=350, use_sgd=False, scheduler='step', step=40, lr=0.003, momentum=0.9, no_cuda=False, manual_seed=None, eval=False, workers=12, resume=False, model_type='insiou')
Using GPU
Decoder(
  (encoder): Encoder(
    (embedding): Embedding(
      (embd): mlp(
        (net): Sequential(
          (0): Conv1d(6, 16, kernel_size=(1,), stride=(1,))
          (1): BatchNorm1d(16, eps=1e-05, momentum=0.1, affine=True, track_running_stats=True)
          (2): ReLU(inplace=True)
        )
      )
    )
    (sampling_list): ModuleList(
      (0-3): 4 x Sampling()
    )
    (grouping_list): ModuleList(
      (0-3): 4 x Grouping()
    )
    (normalization_list): ModuleList(
      (0-3): 4 x Normalization()
    )
    (blocks1_list): ModuleList(
      (0): Block1(
        (transfer): mlp(
          (net): Sequential(
            (0): Conv1d(35, 32, kernel_size=(1,), stride=(1,), bias=False)
            (1): BatchNorm1d(32, eps=1e-05, momentum=0.1, affine=True, track_running_stats=True)
            (2): ReLU(inplace=True)
          )
        )
        (operation): Sequential(
          (0): Residual(
            (act): ReLU(inplace=True)
            (net1): Sequential(
              (0): Conv1d(32, 8, kernel_size=(1,), stride=(1,), bias=False)
              (1): BatchNorm1d(8, eps=1e-05, momentum=0.1, affine=True, track_running_stats=True)
              (2): ReLU(inplace=True)
            )
            (net2): Sequential(
              (0): Conv1d(8, 32, kernel_size=(1,), stride=(1,), bias=False)
              (1): BatchNorm1d(32, eps=1e-05, momentum=0.1, affine=True, track_running_stats=True)
            )
          )
        )
      )
      (1): Block1(
        (transfer): mlp(
          (net): Sequential(
            (0): Conv1d(67, 64, kernel_size=(1,), stride=(1,), bias=False)
            (1): BatchNorm1d(64, eps=1e-05, momentum=0.1, affine=True, track_running_stats=True)
            (2): ReLU(inplace=True)
          )
        )
        (operation): Sequential(
          (0): Residual(
            (act): ReLU(inplace=True)
            (net1): Sequential(
              (0): Conv1d(64, 16, kernel_size=(1,), stride=(1,), bias=False)
              (1): BatchNorm1d(16, eps=1e-05, momentum=0.1, affine=True, track_running_stats=True)
              (2): ReLU(inplace=True)
            )
            (net2): Sequential(
              (0): Conv1d(16, 64, kernel_size=(1,), stride=(1,), bias=False)
              (1): BatchNorm1d(64, eps=1e-05, momentum=0.1, affine=True, track_running_stats=True)
            )
          )
        )
      )
      (2): Block1(
        (transfer): mlp(
          (net): Sequential(
            (0): Conv1d(131, 128, kernel_size=(1,), stride=(1,), bias=False)
            (1): BatchNorm1d(128, eps=1e-05, momentum=0.1, affine=True, track_running_stats=True)
            (2): ReLU(inplace=True)
          )
        )
        (operation): Sequential(
          (0): Residual(
            (act): ReLU(inplace=True)
            (net1): Sequential(
              (0): Conv1d(128, 32, kernel_size=(1,), stride=(1,), bias=False)
              (1): BatchNorm1d(32, eps=1e-05, momentum=0.1, affine=True, track_running_stats=True)
              (2): ReLU(inplace=True)
            )
            (net2): Sequential(
              (0): Conv1d(32, 128, kernel_size=(1,), stride=(1,), bias=False)
              (1): BatchNorm1d(128, eps=1e-05, momentum=0.1, affine=True, track_running_stats=True)
            )
          )
          (1): Residual(
            (act): ReLU(inplace=True)
            (net1): Sequential(
              (0): Conv1d(128, 32, kernel_size=(1,), stride=(1,), bias=False)
              (1): BatchNorm1d(32, eps=1e-05, momentum=0.1, affine=True, track_running_stats=True)
              (2): ReLU(inplace=True)
            )
            (net2): Sequential(
              (0): Conv1d(32, 128, kernel_size=(1,), stride=(1,), bias=False)
              (1): BatchNorm1d(128, eps=1e-05, momentum=0.1, affine=True, track_running_stats=True)
            )
          )
        )
      )
      (3): Block1(
        (transfer): mlp(
          (net): Sequential(
            (0): Conv1d(259, 128, kernel_size=(1,), stride=(1,), bias=False)
            (1): BatchNorm1d(128, eps=1e-05, momentum=0.1, affine=True, track_running_stats=True)
            (2): ReLU(inplace=True)
          )
        )
        (operation): Sequential(
          (0): Residual(
            (act): ReLU(inplace=True)
            (net1): Sequential(
              (0): Conv1d(128, 32, kernel_size=(1,), stride=(1,), bias=False)
              (1): BatchNorm1d(32, eps=1e-05, momentum=0.1, affine=True, track_running_stats=True)
              (2): ReLU(inplace=True)
            )
            (net2): Sequential(
              (0): Conv1d(32, 128, kernel_size=(1,), stride=(1,), bias=False)
              (1): BatchNorm1d(128, eps=1e-05, momentum=0.1, affine=True, track_running_stats=True)
            )
          )
        )
      )
    )
    (agg_list): ModuleList(
      (0-3): 4 x Agg()
    )
    (blocks2_list): ModuleList(
      (0): Block2(
        (operation): Sequential(
          (0): Residual(
            (act): ReLU(inplace=True)
            (net1): Sequential(
              (0): Conv1d(32, 8, kernel_size=(1,), stride=(1,), bias=False)
              (1): BatchNorm1d(8, eps=1e-05, momentum=0.1, affine=True, track_running_stats=True)
              (2): ReLU(inplace=True)
            )
            (net2): Sequential(
              (0): Conv1d(8, 32, kernel_size=(1,), stride=(1,), bias=False)
              (1): BatchNorm1d(32, eps=1e-05, momentum=0.1, affine=True, track_running_stats=True)
            )
          )
        )
      )
      (1): Block2(
        (operation): Sequential(
          (0): Residual(
            (act): ReLU(inplace=True)
            (net1): Sequential(
              (0): Conv1d(64, 16, kernel_size=(1,), stride=(1,), bias=False)
              (1): BatchNorm1d(16, eps=1e-05, momentum=0.1, affine=True, track_running_stats=True)
              (2): ReLU(inplace=True)
            )
            (net2): Sequential(
              (0): Conv1d(16, 64, kernel_size=(1,), stride=(1,), bias=False)
              (1): BatchNorm1d(64, eps=1e-05, momentum=0.1, affine=True, track_running_stats=True)
            )
          )
        )
      )
      (2): Block2(
        (operation): Sequential(
          (0): Residual(
            (act): ReLU(inplace=True)
            (net1): Sequential(
              (0): Conv1d(128, 32, kernel_size=(1,), stride=(1,), bias=False)
              (1): BatchNorm1d(32, eps=1e-05, momentum=0.1, affine=True, track_running_stats=True)
              (2): ReLU(inplace=True)
            )
            (net2): Sequential(
              (0): Conv1d(32, 128, kernel_size=(1,), stride=(1,), bias=False)
              (1): BatchNorm1d(128, eps=1e-05, momentum=0.1, affine=True, track_running_stats=True)
            )
          )
          (1): Residual(
            (act): ReLU(inplace=True)
            (net1): Sequential(
              (0): Conv1d(128, 32, kernel_size=(1,), stride=(1,), bias=False)
              (1): BatchNorm1d(32, eps=1e-05, momentum=0.1, affine=True, track_running_stats=True)
              (2): ReLU(inplace=True)
            )
            (net2): Sequential(
              (0): Conv1d(32, 128, kernel_size=(1,), stride=(1,), bias=False)
              (1): BatchNorm1d(128, eps=1e-05, momentum=0.1, affine=True, track_running_stats=True)
            )
          )
        )
      )
      (3): Block2(
        (operation): Sequential(
          (0): Residual(
            (act): ReLU(inplace=True)
            (net1): Sequential(
              (0): Conv1d(128, 32, kernel_size=(1,), stride=(1,), bias=False)
              (1): BatchNorm1d(32, eps=1e-05, momentum=0.1, affine=True, track_running_stats=True)
              (2): ReLU(inplace=True)
            )
            (net2): Sequential(
              (0): Conv1d(32, 128, kernel_size=(1,), stride=(1,), bias=False)
              (1): BatchNorm1d(128, eps=1e-05, momentum=0.1, affine=True, track_running_stats=True)
            )
          )
        )
      )
    )
  )
  (decode_list): ModuleList(
    (0): FeaturePropagation(
      (fuse): mlp(
        (net): Sequential(
          (0): Conv1d(256, 512, kernel_size=(1,), stride=(1,), bias=False)
          (1): BatchNorm1d(512, eps=1e-05, momentum=0.1, affine=True, track_running_stats=True)
          (2): ReLU(inplace=True)
        )
      )
      (extraction): Block2(
        (operation): Sequential(
          (0): Residual(
            (act): ReLU(inplace=True)
            (net1): Sequential(
              (0): Conv1d(512, 128, kernel_size=(1,), stride=(1,), bias=False)
              (1): BatchNorm1d(128, eps=1e-05, momentum=0.1, affine=True, track_running_stats=True)
              (2): ReLU(inplace=True)
            )
            (net2): Sequential(
              (0): Conv1d(128, 512, kernel_size=(1,), stride=(1,), bias=False)
              (1): BatchNorm1d(512, eps=1e-05, momentum=0.1, affine=True, track_running_stats=True)
            )
          )
          (1): Residual(
            (act): ReLU(inplace=True)
            (net1): Sequential(
              (0): Conv1d(512, 128, kernel_size=(1,), stride=(1,), bias=False)
              (1): BatchNorm1d(128, eps=1e-05, momentum=0.1, affine=True, track_running_stats=True)
              (2): ReLU(inplace=True)
            )
            (net2): Sequential(
              (0): Conv1d(128, 512, kernel_size=(1,), stride=(1,), bias=False)
              (1): BatchNorm1d(512, eps=1e-05, momentum=0.1, affine=True, track_running_stats=True)
            )
          )
        )
      )
    )
    (1): FeaturePropagation(
      (fuse): mlp(
        (net): Sequential(
          (0): Conv1d(576, 256, kernel_size=(1,), stride=(1,), bias=False)
          (1): BatchNorm1d(256, eps=1e-05, momentum=0.1, affine=True, track_running_stats=True)
          (2): ReLU(inplace=True)
        )
      )
      (extraction): Block2(
        (operation): Sequential(
          (0): Residual(
            (act): ReLU(inplace=True)
            (net1): Sequential(
              (0): Conv1d(256, 64, kernel_size=(1,), stride=(1,), bias=False)
              (1): BatchNorm1d(64, eps=1e-05, momentum=0.1, affine=True, track_running_stats=True)
              (2): ReLU(inplace=True)
            )
            (net2): Sequential(
              (0): Conv1d(64, 256, kernel_size=(1,), stride=(1,), bias=False)
              (1): BatchNorm1d(256, eps=1e-05, momentum=0.1, affine=True, track_running_stats=True)
            )
          )
          (1): Residual(
            (act): ReLU(inplace=True)
            (net1): Sequential(
              (0): Conv1d(256, 64, kernel_size=(1,), stride=(1,), bias=False)
              (1): BatchNorm1d(64, eps=1e-05, momentum=0.1, affine=True, track_running_stats=True)
              (2): ReLU(inplace=True)
            )
            (net2): Sequential(
              (0): Conv1d(64, 256, kernel_size=(1,), stride=(1,), bias=False)
              (1): BatchNorm1d(256, eps=1e-05, momentum=0.1, affine=True, track_running_stats=True)
            )
          )
        )
      )
    )
    (2): FeaturePropagation(
      (fuse): mlp(
        (net): Sequential(
          (0): Conv1d(288, 128, kernel_size=(1,), stride=(1,), bias=False)
          (1): BatchNorm1d(128, eps=1e-05, momentum=0.1, affine=True, track_running_stats=True)
          (2): ReLU(inplace=True)
        )
      )
      (extraction): Block2(
        (operation): Sequential(
          (0): Residual(
            (act): ReLU(inplace=True)
            (net1): Sequential(
              (0): Conv1d(128, 32, kernel_size=(1,), stride=(1,), bias=False)
              (1): BatchNorm1d(32, eps=1e-05, momentum=0.1, affine=True, track_running_stats=True)
              (2): ReLU(inplace=True)
            )
            (net2): Sequential(
              (0): Conv1d(32, 128, kernel_size=(1,), stride=(1,), bias=False)
              (1): BatchNorm1d(128, eps=1e-05, momentum=0.1, affine=True, track_running_stats=True)
            )
          )
          (1): Residual(
            (act): ReLU(inplace=True)
            (net1): Sequential(
              (0): Conv1d(128, 32, kernel_size=(1,), stride=(1,), bias=False)
              (1): BatchNorm1d(32, eps=1e-05, momentum=0.1, affine=True, track_running_stats=True)
              (2): ReLU(inplace=True)
            )
            (net2): Sequential(
              (0): Conv1d(32, 128, kernel_size=(1,), stride=(1,), bias=False)
              (1): BatchNorm1d(128, eps=1e-05, momentum=0.1, affine=True, track_running_stats=True)
            )
          )
        )
      )
    )
    (3): FeaturePropagation(
      (fuse): mlp(
        (net): Sequential(
          (0): Conv1d(144, 128, kernel_size=(1,), stride=(1,), bias=False)
          (1): BatchNorm1d(128, eps=1e-05, momentum=0.1, affine=True, track_running_stats=True)
          (2): ReLU(inplace=True)
        )
      )
      (extraction): Block2(
        (operation): Sequential(
          (0): Residual(
            (act): ReLU(inplace=True)
            (net1): Sequential(
              (0): Conv1d(128, 32, kernel_size=(1,), stride=(1,), bias=False)
              (1): BatchNorm1d(32, eps=1e-05, momentum=0.1, affine=True, track_running_stats=True)
              (2): ReLU(inplace=True)
            )
            (net2): Sequential(
              (0): Conv1d(32, 128, kernel_size=(1,), stride=(1,), bias=False)
              (1): BatchNorm1d(128, eps=1e-05, momentum=0.1, affine=True, track_running_stats=True)
            )
          )
          (1): Residual(
            (act): ReLU(inplace=True)
            (net1): Sequential(
              (0): Conv1d(128, 32, kernel_size=(1,), stride=(1,), bias=False)
              (1): BatchNorm1d(32, eps=1e-05, momentum=0.1, affine=True, track_running_stats=True)
              (2): ReLU(inplace=True)
            )
            (net2): Sequential(
              (0): Conv1d(32, 128, kernel_size=(1,), stride=(1,), bias=False)
              (1): BatchNorm1d(128, eps=1e-05, momentum=0.1, affine=True, track_running_stats=True)
            )
          )
        )
      )
    )
  )
  (cls_map): Sequential(
    (0): mlp(
      (net): Sequential(
        (0): Conv1d(16, 64, kernel_size=(1,), stride=(1,), bias=False)
        (1): BatchNorm1d(64, eps=1e-05, momentum=0.1, affine=True, track_running_stats=True)
        (2): ReLU(inplace=True)
      )
    )
    (1): mlp(
      (net): Sequential(
        (0): Conv1d(64, 64, kernel_size=(1,), stride=(1,), bias=False)
        (1): BatchNorm1d(64, eps=1e-05, momentum=0.1, affine=True, track_running_stats=True)
        (2): ReLU(inplace=True)
      )
    )
  )
  (gmp_map_list): ModuleList(
    (0-1): 2 x mlp(
      (net): Sequential(
        (0): Conv1d(128, 64, kernel_size=(1,), stride=(1,), bias=False)
        (1): BatchNorm1d(64, eps=1e-05, momentum=0.1, affine=True, track_running_stats=True)
        (2): ReLU(inplace=True)
      )
    )
    (2): mlp(
      (net): Sequential(
        (0): Conv1d(64, 64, kernel_size=(1,), stride=(1,), bias=False)
        (1): BatchNorm1d(64, eps=1e-05, momentum=0.1, affine=True, track_running_stats=True)
        (2): ReLU(inplace=True)
      )
    )
    (3): mlp(
      (net): Sequential(
        (0): Conv1d(32, 64, kernel_size=(1,), stride=(1,), bias=False)
        (1): BatchNorm1d(64, eps=1e-05, momentum=0.1, affine=True, track_running_stats=True)
        (2): ReLU(inplace=True)
      )
    )
    (4): mlp(
      (net): Sequential(
        (0): Conv1d(16, 64, kernel_size=(1,), stride=(1,), bias=False)
        (1): BatchNorm1d(64, eps=1e-05, momentum=0.1, affine=True, track_running_stats=True)
        (2): ReLU(inplace=True)
      )
    )
  )
  (gmp_map_end): mlp(
    (net): Sequential(
      (0): Conv1d(320, 64, kernel_size=(1,), stride=(1,), bias=False)
      (1): BatchNorm1d(64, eps=1e-05, momentum=0.1, affine=True, track_running_stats=True)
      (2): ReLU(inplace=True)
    )
  )
  (classifier): Sequential(
    (0): Conv1d(256, 128, kernel_size=(1,), stride=(1,), bias=False)
    (1): BatchNorm1d(128, eps=1e-05, momentum=0.1, affine=True, track_running_stats=True)
    (2): Dropout(p=0.5, inplace=False)
    (3): Conv1d(128, 50, kernel_size=(1,), stride=(1,), bias=False)
  )
)
Learning rate: 0.003000
Train 1, loss: 0.642469, train acc: 0.814373, train ins_iou: 0.631927
Test 1, loss: 0.337923, test acc: 0.871900  test ins_iou: 0.709750
Max Acc:0.87190
Max instance iou:0.70975
aero iou: 0.66177183
bag iou: 0.4472482
cap iou: 0.5337511
car iou: 0.4733802
chair iou: 0.8171064
ear iou: 0.39221063
guitar iou: 0.7839524
knife iou: 0.76660526
lamp iou: 0.58374935
lapt iou: 0.9334489
moto iou: 0.13248307
mug iou: 0.49067432
Pistol iou: 0.56434196
rock iou: 0.22699654
stake iou: 0.6000921
table iou: 0.76006013
Max class iou:0.57299
Learning rate: 0.003000
Train 2, loss: 0.286603, train acc: 0.899585, train ins_iou: 0.756140
Test 2, loss: 0.284476, test acc: 0.894078  test ins_iou: 0.748795
Max Acc:0.89408
Max instance iou:0.74880
aero iou: 0.72555315
bag iou: 0.56356996
cap iou: 0.6789312
car iou: 0.527231
chair iou: 0.82999307
ear iou: 0.57012683
guitar iou: 0.82929754
knife iou: 0.8006288
lamp iou: 0.68954694
lapt iou: 0.9396321
moto iou: 0.19933797
mug iou: 0.57357424
Pistol iou: 0.7021584
rock iou: 0.29071337
stake iou: 0.63408834
table iou: 0.7742404
Max class iou:0.64554
Learning rate: 0.003000
Train 3, loss: 0.250373, train acc: 0.911551, train ins_iou: 0.779903
Test 3, loss: 0.284459, test acc: 0.893139  test ins_iou: 0.759340
Max instance iou:0.75934
aero iou: 0.7282227
bag iou: 0.5009004
cap iou: 0.6690684
car iou: 0.6064412
chair iou: 0.83999705
ear iou: 0.5017672
guitar iou: 0.85918874
knife iou: 0.7759932
lamp iou: 0.68211156
lapt iou: 0.9404806
moto iou: 0.19206956
mug iou: 0.85961485
Pistol iou: 0.62646
rock iou: 0.4185562
stake iou: 0.6283399
table iou: 0.77722573
Max class iou:0.66290
Learning rate: 0.003000
Train 4, loss: 0.231699, train acc: 0.917513, train ins_iou: 0.791453
Test 4, loss: 0.252208, test acc: 0.907598  test ins_iou: 0.774242
Max Acc:0.90760
Max instance iou:0.77424
aero iou: 0.74938506
bag iou: 0.6320351
cap iou: 0.7684326
car iou: 0.555181
chair iou: 0.84605145
ear iou: 0.57255745
guitar iou: 0.8679026
knife iou: 0.8244499
lamp iou: 0.72116786
lapt iou: 0.927448
moto iou: 0.22738479
mug iou: 0.7681387
Pistol iou: 0.69327956
rock iou: 0.3933196
stake iou: 0.6297008
table iou: 0.7998332
Max class iou:0.68602
Learning rate: 0.003000
Train 5, loss: 0.224345, train acc: 0.919975, train ins_iou: 0.796892
Test 5, loss: 0.234453, test acc: 0.914698  test ins_iou: 0.784854
Max Acc:0.91470
Max instance iou:0.78485
aero iou: 0.7562945
bag iou: 0.65970343
cap iou: 0.80657774
car iou: 0.6335747
chair iou: 0.8717253
ear iou: 0.6402062
guitar iou: 0.8675682
knife iou: 0.8241482
lamp iou: 0.7094399
lapt iou: 0.9494963
moto iou: 0.19251882
mug iou: 0.71746266
Pistol iou: 0.7105145
rock iou: 0.40538117
stake iou: 0.63881576
table iou: 0.79989
Max class iou:0.69896
Learning rate: 0.003000
Train 6, loss: 0.210933, train acc: 0.924772, train ins_iou: 0.805405
Test 6, loss: 0.233735, test acc: 0.912819  test ins_iou: 0.792688
Max instance iou:0.79269
aero iou: 0.7371285
bag iou: 0.6525269
cap iou: 0.762501
car iou: 0.6448178
chair iou: 0.8727459
ear iou: 0.61912113
guitar iou: 0.87221867
knife iou: 0.83566827
lamp iou: 0.7349981
lapt iou: 0.93614775
moto iou: 0.3317294
mug iou: 0.86385995
Pistol iou: 0.7671211
rock iou: 0.5122536
stake iou: 0.68728805
table iou: 0.801818
Max class iou:0.72700
Learning rate: 0.003000
Train 7, loss: 0.203918, train acc: 0.926992, train ins_iou: 0.810114
Test 7, loss: 0.227438, test acc: 0.916135  test ins_iou: 0.795568
Max Acc:0.91614
Max instance iou:0.79557
Learning rate: 0.003000
Train 8, loss: 0.199892, train acc: 0.928379, train ins_iou: 0.812704
Test 8, loss: 0.227384, test acc: 0.916132  test ins_iou: 0.796929
Max instance iou:0.79693
Learning rate: 0.003000
Train 9, loss: 0.196270, train acc: 0.929583, train ins_iou: 0.815182
Test 9, loss: 0.228223, test acc: 0.919009  test ins_iou: 0.793415
Max Acc:0.91901
Learning rate: 0.003000
Train 10, loss: 0.188763, train acc: 0.932326, train ins_iou: 0.820894
Test 10, loss: 0.219444, test acc: 0.919886  test ins_iou: 0.802594
Max Acc:0.91989
Max instance iou:0.80259
aero iou: 0.7821805
bag iou: 0.6942901
cap iou: 0.7109048
car iou: 0.6806281
chair iou: 0.87795544
ear iou: 0.6809315
guitar iou: 0.8678317
knife iou: 0.82848454
lamp iou: 0.75990415
lapt iou: 0.94984114
moto iou: 0.31652337
mug iou: 0.8901862
Pistol iou: 0.72184944
rock iou: 0.51016754
stake iou: 0.6441834
table iou: 0.8006874
Max class iou:0.73228
Learning rate: 0.003000
Train 11, loss: 0.187637, train acc: 0.932555, train ins_iou: 0.821210
Test 11, loss: 0.207643, test acc: 0.924135  test ins_iou: 0.803539
Max Acc:0.92413
Max instance iou:0.80354
aero iou: 0.7834105
bag iou: 0.63968486
cap iou: 0.7925716
car iou: 0.6739796
chair iou: 0.86740106
ear iou: 0.6909
guitar iou: 0.8547351
knife iou: 0.85734624
lamp iou: 0.74143016
lapt iou: 0.95120764
moto iou: 0.41566172
mug iou: 0.84753215
Pistol iou: 0.75810313
rock iou: 0.51118314
stake iou: 0.64275205
table iou: 0.8130092
Max class iou:0.74006
Learning rate: 0.003000
Train 12, loss: 0.182043, train acc: 0.934916, train ins_iou: 0.825005
Test 12, loss: 0.210504, test acc: 0.924143  test ins_iou: 0.808593
Max Acc:0.92414
Max instance iou:0.80859
aero iou: 0.78036636
bag iou: 0.7253204
cap iou: 0.7724486
car iou: 0.68002033
chair iou: 0.88126713
ear iou: 0.6574896
guitar iou: 0.85436726
knife iou: 0.8369471
lamp iou: 0.7603495
lapt iou: 0.94627076
moto iou: 0.4163237
mug iou: 0.91503656
Pistol iou: 0.78320163
rock iou: 0.53794557
stake iou: 0.72187936
table iou: 0.8065813
Max class iou:0.75474
Learning rate: 0.003000
Train 13, loss: 0.181264, train acc: 0.935065, train ins_iou: 0.826243
Test 13, loss: 0.211693, test acc: 0.922681  test ins_iou: 0.807480
Learning rate: 0.003000
Train 14, loss: 0.177044, train acc: 0.936682, train ins_iou: 0.828934
Test 14, loss: 0.222615, test acc: 0.919445  test ins_iou: 0.805391
Learning rate: 0.003000
Train 15, loss: 0.175848, train acc: 0.936663, train ins_iou: 0.829223
Test 15, loss: 0.195886, test acc: 0.928818  test ins_iou: 0.817595
Max Acc:0.92882
Max instance iou:0.81760
Learning rate: 0.003000
Train 16, loss: 0.174669, train acc: 0.937498, train ins_iou: 0.830762
Test 16, loss: 0.202928, test acc: 0.925598  test ins_iou: 0.810715
aero iou: 0.79399526
bag iou: 0.6969663
cap iou: 0.8335053
car iou: 0.6929112
chair iou: 0.87991005
ear iou: 0.70977736
guitar iou: 0.8865399
knife iou: 0.8418152
lamp iou: 0.7685706
lapt iou: 0.94878167
moto iou: 0.48337922
mug iou: 0.9185004
Pistol iou: 0.7578867
rock iou: 0.5343831
stake iou: 0.70129
table iou: 0.7942479
Max class iou:0.76515
Learning rate: 0.003000
Train 17, loss: 0.170533, train acc: 0.938772, train ins_iou: 0.832644
Test 17, loss: 0.210405, test acc: 0.923659  test ins_iou: 0.810532
Learning rate: 0.003000
Train 18, loss: 0.170710, train acc: 0.938720, train ins_iou: 0.833135
Test 18, loss: 0.208547, test acc: 0.923861  test ins_iou: 0.809661
Learning rate: 0.003000
Train 19, loss: 0.165834, train acc: 0.940206, train ins_iou: 0.835703
Test 19, loss: 0.195950, test acc: 0.928211  test ins_iou: 0.819505
Max instance iou:0.81950
aero iou: 0.7950489
bag iou: 0.7154935
cap iou: 0.836768
car iou: 0.7094332
chair iou: 0.88234717
ear iou: 0.76088387
guitar iou: 0.88269264
knife iou: 0.8526635
lamp iou: 0.76328355
lapt iou: 0.94872695
moto iou: 0.49680665
mug iou: 0.9111048
Pistol iou: 0.7614206
rock iou: 0.56122947
stake iou: 0.73489463
table iou: 0.81654006
Max class iou:0.77683
Learning rate: 0.003000
Train 20, loss: 0.165339, train acc: 0.940495, train ins_iou: 0.836555
Test 20, loss: 0.201717, test acc: 0.925745  test ins_iou: 0.817217
Learning rate: 0.003000
Train 21, loss: 0.164728, train acc: 0.940899, train ins_iou: 0.836952
Test 21, loss: 0.193743, test acc: 0.930355  test ins_iou: 0.820225
Max Acc:0.93036
Max instance iou:0.82022
Learning rate: 0.003000
Train 22, loss: 0.164089, train acc: 0.940986, train ins_iou: 0.837591
Test 22, loss: 0.196898, test acc: 0.928610  test ins_iou: 0.814856
Learning rate: 0.003000
Train 23, loss: 0.162125, train acc: 0.941373, train ins_iou: 0.838030
Test 23, loss: 0.185625, test acc: 0.933635  test ins_iou: 0.825700
Max Acc:0.93364
Max instance iou:0.82570
aero iou: 0.8017259
bag iou: 0.7425169
cap iou: 0.79534173
car iou: 0.7309798
chair iou: 0.8863968
ear iou: 0.74795294
guitar iou: 0.894161
knife iou: 0.8633992
lamp iou: 0.7757981
lapt iou: 0.95410514
moto iou: 0.48768055
mug iou: 0.91808933
Pistol iou: 0.7773618
rock iou: 0.47348687
stake iou: 0.77595955
table iou: 0.8190173
Max class iou:0.77775
Learning rate: 0.003000
Train 24, loss: 0.159833, train acc: 0.942226, train ins_iou: 0.839761
Test 24, loss: 0.188769, test acc: 0.932148  test ins_iou: 0.826523
Max instance iou:0.82652
aero iou: 0.79756385
bag iou: 0.74270284
cap iou: 0.80649626
car iou: 0.7316957
chair iou: 0.88919735
ear iou: 0.73358595
guitar iou: 0.8938764
knife iou: 0.86388123
lamp iou: 0.7848432
lapt iou: 0.9542304
moto iou: 0.5349548
mug iou: 0.9184495
Pistol iou: 0.75876063
rock iou: 0.4841894
stake iou: 0.75685704
table iou: 0.8167128
Max class iou:0.77925
Learning rate: 0.003000
Train 25, loss: 0.158002, train acc: 0.943020, train ins_iou: 0.840691
Test 25, loss: 0.190119, test acc: 0.930984  test ins_iou: 0.822077
Learning rate: 0.003000
Train 26, loss: 0.154630, train acc: 0.944162, train ins_iou: 0.843271
Test 26, loss: 0.196432, test acc: 0.927823  test ins_iou: 0.822059
Learning rate: 0.003000
Train 27, loss: 0.154841, train acc: 0.944201, train ins_iou: 0.843127
Test 27, loss: 0.188577, test acc: 0.931911  test ins_iou: 0.824375
aero iou: 0.8063554
bag iou: 0.72184694
cap iou: 0.7891211
car iou: 0.7314966
chair iou: 0.88729554
ear iou: 0.7307974
guitar iou: 0.8994098
knife iou: 0.864103
lamp iou: 0.76841706
lapt iou: 0.9479775
moto iou: 0.48413348
mug iou: 0.9305825
Pistol iou: 0.7674189
rock iou: 0.6010743
stake iou: 0.770714
table iou: 0.8131221
Max class iou:0.78212
Learning rate: 0.003000
Train 28, loss: 0.154941, train acc: 0.943934, train ins_iou: 0.842295
Test 28, loss: 0.190803, test acc: 0.931294  test ins_iou: 0.823427
Learning rate: 0.003000
Train 29, loss: 0.153525, train acc: 0.944469, train ins_iou: 0.844429
Test 29, loss: 0.192594, test acc: 0.929431  test ins_iou: 0.822802
Learning rate: 0.003000
Train 30, loss: 0.150299, train acc: 0.945600, train ins_iou: 0.845797
Test 30, loss: 0.299417, test acc: 0.929080  test ins_iou: 0.817803
Learning rate: 0.003000
Train 31, loss: 0.151199, train acc: 0.945376, train ins_iou: 0.845518
Test 31, loss: 0.200833, test acc: 0.927528  test ins_iou: 0.819622
Learning rate: 0.003000
Train 32, loss: 0.148977, train acc: 0.946035, train ins_iou: 0.846689
Test 32, loss: 0.197709, test acc: 0.930935  test ins_iou: 0.822653
Learning rate: 0.003000
Train 33, loss: 0.147578, train acc: 0.946331, train ins_iou: 0.847559
Test 33, loss: 0.193210, test acc: 0.929153  test ins_iou: 0.824264
aero iou: 0.78453326
bag iou: 0.7426594
cap iou: 0.80214536
car iou: 0.7093102
chair iou: 0.88733846
ear iou: 0.71181345
guitar iou: 0.900327
knife iou: 0.86212665
lamp iou: 0.77288014
lapt iou: 0.95181376
moto iou: 0.44880337
mug iou: 0.9229406
Pistol iou: 0.8063591
rock iou: 0.60786
stake iou: 0.7903182
table iou: 0.82318944
Max class iou:0.78278
Learning rate: 0.003000
Train 34, loss: 0.147359, train acc: 0.946515, train ins_iou: 0.847466
Test 34, loss: 0.184365, test acc: 0.933164  test ins_iou: 0.825621
aero iou: 0.80353445
bag iou: 0.768102
cap iou: 0.7324148
car iou: 0.7209503
chair iou: 0.88421917
ear iou: 0.75317127
guitar iou: 0.8933663
knife iou: 0.87002647
lamp iou: 0.78245634
lapt iou: 0.940953
moto iou: 0.51662856
mug iou: 0.92357635
Pistol iou: 0.77959055
rock iou: 0.5966241
stake iou: 0.79182845
table iou: 0.81614965
Max class iou:0.78585
Learning rate: 0.003000
Train 35, loss: 0.146453, train acc: 0.946851, train ins_iou: 0.848550
Test 35, loss: 0.189609, test acc: 0.931440  test ins_iou: 0.824805
Learning rate: 0.003000
Train 36, loss: 0.145010, train acc: 0.947201, train ins_iou: 0.848858
Test 36, loss: 0.201013, test acc: 0.929582  test ins_iou: 0.823438
Learning rate: 0.003000
Train 37, loss: 0.143615, train acc: 0.947915, train ins_iou: 0.850571
Test 37, loss: 0.195772, test acc: 0.930802  test ins_iou: 0.827691
Max instance iou:0.82769
Learning rate: 0.003000
Train 38, loss: 0.143361, train acc: 0.947918, train ins_iou: 0.850440
Test 38, loss: 0.196624, test acc: 0.930802  test ins_iou: 0.823629
aero iou: 0.7991208
bag iou: 0.7479485
cap iou: 0.81021285
car iou: 0.7336762
chair iou: 0.8867199
ear iou: 0.76567
guitar iou: 0.90166336
knife iou: 0.8652549
lamp iou: 0.76956445
lapt iou: 0.9506332
moto iou: 0.56281096
mug iou: 0.92837816
Pistol iou: 0.8030763
rock iou: 0.61017823
stake iou: 0.7888791
table iou: 0.803842
Max class iou:0.79548
Learning rate: 0.003000
Train 39, loss: 0.142498, train acc: 0.948212, train ins_iou: 0.850921
Test 39, loss: 0.184785, test acc: 0.932678  test ins_iou: 0.826367
Learning rate: 0.001500
Train 40, loss: 0.140869, train acc: 0.948856, train ins_iou: 0.852537
Test 40, loss: 0.189890, test acc: 0.932919  test ins_iou: 0.828902
Max instance iou:0.82890
Learning rate: 0.001500
Train 41, loss: 0.132760, train acc: 0.951533, train ins_iou: 0.857553
Test 41, loss: 0.174400, test acc: 0.937543  test ins_iou: 0.836993
Max Acc:0.93754
Max instance iou:0.83699
aero iou: 0.81233245
bag iou: 0.7634905
cap iou: 0.76733625
car iou: 0.75133616
chair iou: 0.89073694
ear iou: 0.7687811
guitar iou: 0.90414447
knife iou: 0.868993
lamp iou: 0.7908699
lapt iou: 0.9509738
moto iou: 0.6470147
mug iou: 0.94099504
Pistol iou: 0.7955474
rock iou: 0.6321288
stake iou: 0.8041045
table iou: 0.8233005
Max class iou:0.80701
Learning rate: 0.001500
Train 42, loss: 0.129451, train acc: 0.952652, train ins_iou: 0.859474
Test 42, loss: 0.175558, test acc: 0.936507  test ins_iou: 0.837486
Max instance iou:0.83749
Learning rate: 0.001500
Train 43, loss: 0.127696, train acc: 0.953317, train ins_iou: 0.861010
Test 43, loss: 0.178579, test acc: 0.936418  test ins_iou: 0.836360
Learning rate: 0.001500
Train 44, loss: 0.126344, train acc: 0.953642, train ins_iou: 0.860929
Test 44, loss: 0.178913, test acc: 0.936326  test ins_iou: 0.836548
Learning rate: 0.001500
Train 45, loss: 0.126070, train acc: 0.953689, train ins_iou: 0.861957
Test 45, loss: 0.179962, test acc: 0.937091  test ins_iou: 0.837436
aero iou: 0.81345713
bag iou: 0.7689516
cap iou: 0.82363707
car iou: 0.7487042
chair iou: 0.8934782
ear iou: 0.738648
guitar iou: 0.908494
knife iou: 0.849898
lamp iou: 0.7818715
lapt iou: 0.9557884
moto iou: 0.6515825
mug iou: 0.9411571
Pistol iou: 0.7954274
rock iou: 0.6147173
stake iou: 0.8085437
table iou: 0.8256011
Max class iou:0.80750
Learning rate: 0.001500
Train 46, loss: 0.126702, train acc: 0.953403, train ins_iou: 0.860987
Test 46, loss: 0.182492, test acc: 0.935396  test ins_iou: 0.834444
Learning rate: 0.001500
Train 47, loss: 0.125064, train acc: 0.954016, train ins_iou: 0.862123
Test 47, loss: 0.183662, test acc: 0.936655  test ins_iou: 0.837170
aero iou: 0.8141883
bag iou: 0.7733382
cap iou: 0.84235495
car iou: 0.75601447
chair iou: 0.89352936
ear iou: 0.7257129
guitar iou: 0.89547
knife iou: 0.8689437
lamp iou: 0.7922114
lapt iou: 0.9529885
moto iou: 0.65605956
mug iou: 0.9391591
Pistol iou: 0.7908991
rock iou: 0.5922408
stake iou: 0.81588066
table iou: 0.82043666
Max class iou:0.80809
Learning rate: 0.001500
Train 48, loss: 0.126307, train acc: 0.953654, train ins_iou: 0.861534
Test 48, loss: 0.181862, test acc: 0.936504  test ins_iou: 0.835927
Learning rate: 0.001500
Train 49, loss: 0.124677, train acc: 0.954126, train ins_iou: 0.862278
Test 49, loss: 0.179037, test acc: 0.937111  test ins_iou: 0.837457
Learning rate: 0.001500
Train 50, loss: 0.124455, train acc: 0.954116, train ins_iou: 0.862442
Test 50, loss: 0.178762, test acc: 0.936697  test ins_iou: 0.834746
Learning rate: 0.001500
Train 51, loss: 0.122997, train acc: 0.954715, train ins_iou: 0.863235
Test 51, loss: 0.181593, test acc: 0.936449  test ins_iou: 0.836605
Learning rate: 0.001500
Train 52, loss: 0.122543, train acc: 0.954866, train ins_iou: 0.864073
Test 52, loss: 0.182298, test acc: 0.936619  test ins_iou: 0.836693
Learning rate: 0.001500
Train 53, loss: 0.122517, train acc: 0.954961, train ins_iou: 0.863755
Test 53, loss: 0.176696, test acc: 0.937958  test ins_iou: 0.838934
Max Acc:0.93796
Max instance iou:0.83893
Learning rate: 0.001500
Train 54, loss: 0.121239, train acc: 0.955260, train ins_iou: 0.865068
Test 54, loss: 0.181835, test acc: 0.937126  test ins_iou: 0.839008
Max instance iou:0.83901
aero iou: 0.8126794
bag iou: 0.7633787
cap iou: 0.8253011
car iou: 0.75654817
chair iou: 0.89405733
ear iou: 0.7354595
guitar iou: 0.90663856
knife iou: 0.8654029
lamp iou: 0.78101677
lapt iou: 0.94829047
moto iou: 0.66432774
mug iou: 0.9381401
Pistol iou: 0.7986475
rock iou: 0.63693994
stake iou: 0.80242705
table iou: 0.82843786
Max class iou:0.80986
Learning rate: 0.001500
Train 55, loss: 0.120949, train acc: 0.955207, train ins_iou: 0.864555
Test 55, loss: 0.180138, test acc: 0.937401  test ins_iou: 0.837769
Learning rate: 0.001500
Train 56, loss: 0.120621, train acc: 0.955414, train ins_iou: 0.865299
Test 56, loss: 0.185681, test acc: 0.935641  test ins_iou: 0.834878
Learning rate: 0.001500
Train 57, loss: 0.120421, train acc: 0.955458, train ins_iou: 0.865204
Test 57, loss: 0.180580, test acc: 0.936679  test ins_iou: 0.837492
aero iou: 0.8131876
bag iou: 0.7888076
cap iou: 0.8318064
car iou: 0.7519642
chair iou: 0.8890639
ear iou: 0.7363687
guitar iou: 0.9060263
knife iou: 0.8653161
lamp iou: 0.7886609
lapt iou: 0.95367825
moto iou: 0.64819306
mug iou: 0.93160427
Pistol iou: 0.7942751
rock iou: 0.6214579
stake iou: 0.8138559
table iou: 0.82588446
Max class iou:0.81001
Learning rate: 0.001500
Train 58, loss: 0.120013, train acc: 0.955620, train ins_iou: 0.865559
Test 58, loss: 0.184179, test acc: 0.935960  test ins_iou: 0.836534
Learning rate: 0.001500
Train 59, loss: 0.119024, train acc: 0.955993, train ins_iou: 0.866266
Test 59, loss: 0.177520, test acc: 0.937255  test ins_iou: 0.838359
Learning rate: 0.001500
Train 60, loss: 0.118985, train acc: 0.955913, train ins_iou: 0.866161
Test 60, loss: 0.190896, test acc: 0.933920  test ins_iou: 0.833533
Learning rate: 0.001500
Train 61, loss: 0.118873, train acc: 0.955987, train ins_iou: 0.866518
Test 61, loss: 0.187112, test acc: 0.936076  test ins_iou: 0.836858
Learning rate: 0.001500
Train 62, loss: 0.118854, train acc: 0.956054, train ins_iou: 0.867030
Test 62, loss: 0.187778, test acc: 0.935341  test ins_iou: 0.835508
Learning rate: 0.001500
Train 63, loss: 0.118383, train acc: 0.956119, train ins_iou: 0.867236
Test 63, loss: 0.181064, test acc: 0.937590  test ins_iou: 0.839079
Max instance iou:0.83908
aero iou: 0.81448203
bag iou: 0.7778291
cap iou: 0.84061164
car iou: 0.7628287
chair iou: 0.8939146
ear iou: 0.72353077
guitar iou: 0.90487766
knife iou: 0.8697034
lamp iou: 0.7814951
lapt iou: 0.95319384
moto iou: 0.6600608
mug iou: 0.9434992
Pistol iou: 0.80487865
rock iou: 0.61643565
stake iou: 0.81748474
table iou: 0.82537836
Max class iou:0.81189
Learning rate: 0.001500
Train 64, loss: 0.117090, train acc: 0.956621, train ins_iou: 0.867357
Test 64, loss: 0.181347, test acc: 0.938085  test ins_iou: 0.837430
Max Acc:0.93808
Learning rate: 0.001500
Train 65, loss: 0.116127, train acc: 0.956964, train ins_iou: 0.868627
Test 65, loss: 0.178567, test acc: 0.938900  test ins_iou: 0.840476
Max Acc:0.93890
Max instance iou:0.84048
Learning rate: 0.001500
Train 66, loss: 0.114840, train acc: 0.957411, train ins_iou: 0.869154
Test 66, loss: 0.185156, test acc: 0.936716  test ins_iou: 0.837798
Learning rate: 0.001500
Train 67, loss: 0.115022, train acc: 0.957336, train ins_iou: 0.869173
Test 67, loss: 0.181905, test acc: 0.938044  test ins_iou: 0.839163
Learning rate: 0.001500
Train 68, loss: 0.114057, train acc: 0.957553, train ins_iou: 0.869377
Test 68, loss: 0.180751, test acc: 0.937851  test ins_iou: 0.839040
Learning rate: 0.001500
Train 69, loss: 0.114008, train acc: 0.957627, train ins_iou: 0.869962
Test 69, loss: 0.179482, test acc: 0.938234  test ins_iou: 0.840753
Max instance iou:0.84075
aero iou: 0.8177317
bag iou: 0.8057582
cap iou: 0.83218783
car iou: 0.76702744
chair iou: 0.893528
ear iou: 0.7178956
guitar iou: 0.9071075
knife iou: 0.8514644
lamp iou: 0.77504253
lapt iou: 0.94881594
moto iou: 0.67973477
mug iou: 0.9330553
Pistol iou: 0.8093045
rock iou: 0.62529033
stake iou: 0.8090738
table iou: 0.8321714
Max class iou:0.81282
Learning rate: 0.001500
Train 70, loss: 0.113024, train acc: 0.957933, train ins_iou: 0.870372
Test 70, loss: 0.181258, test acc: 0.938354  test ins_iou: 0.839172
aero iou: 0.8151237
bag iou: 0.8132296
cap iou: 0.8272991
car iou: 0.75777596
chair iou: 0.89341015
ear iou: 0.70384187
guitar iou: 0.91222245
knife iou: 0.86704093
lamp iou: 0.78962165
lapt iou: 0.95513964
moto iou: 0.67876416
mug iou: 0.9474474
Pistol iou: 0.807659
rock iou: 0.6302221
stake iou: 0.8038947
table iou: 0.8215082
Max class iou:0.81401
Learning rate: 0.001500
Train 71, loss: 0.112733, train acc: 0.957995, train ins_iou: 0.870551
Test 71, loss: 0.184264, test acc: 0.937498  test ins_iou: 0.839599
Learning rate: 0.001500
Train 72, loss: 0.112077, train acc: 0.958258, train ins_iou: 0.871572
Test 72, loss: 0.187200, test acc: 0.937054  test ins_iou: 0.838986
Learning rate: 0.001500
Train 73, loss: 0.111699, train acc: 0.958479, train ins_iou: 0.871842
Test 73, loss: 0.182877, test acc: 0.937221  test ins_iou: 0.840081
Learning rate: 0.001500
Train 74, loss: 0.112130, train acc: 0.958148, train ins_iou: 0.871028
Test 74, loss: 0.180175, test acc: 0.937556  test ins_iou: 0.836882
Learning rate: 0.001500
Train 75, loss: 0.110442, train acc: 0.958817, train ins_iou: 0.872202
Test 75, loss: 0.181524, test acc: 0.938118  test ins_iou: 0.838537
Learning rate: 0.001500
Train 76, loss: 0.111247, train acc: 0.958433, train ins_iou: 0.871732
Test 76, loss: 0.182378, test acc: 0.937476  test ins_iou: 0.840998
Max instance iou:0.84100
Learning rate: 0.001500
Train 77, loss: 0.110191, train acc: 0.958828, train ins_iou: 0.872782
Test 77, loss: 0.182203, test acc: 0.938214  test ins_iou: 0.842043
Max instance iou:0.84204
aero iou: 0.8210861
bag iou: 0.80531245
cap iou: 0.84208655
car iou: 0.7634052
chair iou: 0.89512515
ear iou: 0.7330241
guitar iou: 0.90601736
knife iou: 0.8727685
lamp iou: 0.796773
lapt iou: 0.9500258
moto iou: 0.6306557
mug iou: 0.94201356
Pistol iou: 0.811095
rock iou: 0.6436059
stake iou: 0.8045538
table iou: 0.82728255
Max class iou:0.81530
Learning rate: 0.001500
Train 78, loss: 0.109759, train acc: 0.958937, train ins_iou: 0.872673
Test 78, loss: 0.181482, test acc: 0.938329  test ins_iou: 0.841295
Learning rate: 0.001500
Train 79, loss: 0.109660, train acc: 0.958989, train ins_iou: 0.873045
Test 79, loss: 0.185670, test acc: 0.936937  test ins_iou: 0.837918
Learning rate: 0.000750
Train 80, loss: 0.108479, train acc: 0.959390, train ins_iou: 0.873816
Test 80, loss: 0.187752, test acc: 0.937499  test ins_iou: 0.839108
Learning rate: 0.000750
Train 81, loss: 0.103165, train acc: 0.961237, train ins_iou: 0.877557
Test 81, loss: 0.181465, test acc: 0.938881  test ins_iou: 0.841823
aero iou: 0.8195467
bag iou: 0.8123177
cap iou: 0.8395781
car iou: 0.7718673
chair iou: 0.8954985
ear iou: 0.70176685
guitar iou: 0.9079352
knife iou: 0.8655855
lamp iou: 0.7950483
lapt iou: 0.9562443
moto iou: 0.6928547
mug iou: 0.9463509
Pistol iou: 0.7968775
rock iou: 0.63025373
stake iou: 0.806143
table iou: 0.8229246
Max class iou:0.81630
Learning rate: 0.000750
Train 82, loss: 0.101578, train acc: 0.961673, train ins_iou: 0.878611
Test 82, loss: 0.180534, test acc: 0.940351  test ins_iou: 0.843001
Max Acc:0.94035
Max instance iou:0.84300
Learning rate: 0.000750
Train 83, loss: 0.100811, train acc: 0.962059, train ins_iou: 0.879678
Test 83, loss: 0.184010, test acc: 0.938358  test ins_iou: 0.841807
Learning rate: 0.000750
Train 84, loss: 0.100005, train acc: 0.962228, train ins_iou: 0.880234
Test 84, loss: 0.182184, test acc: 0.939684  test ins_iou: 0.844413
Max instance iou:0.84441
aero iou: 0.822116
bag iou: 0.8045111
cap iou: 0.8323996
car iou: 0.77032787
chair iou: 0.89580256
ear iou: 0.7311463
guitar iou: 0.9042744
knife iou: 0.8679897
lamp iou: 0.7967032
lapt iou: 0.9561376
moto iou: 0.6784256
mug iou: 0.9464054
Pistol iou: 0.80968326
rock iou: 0.6364933
stake iou: 0.80720073
table iou: 0.8304294
Max class iou:0.81813
Learning rate: 0.000750
Train 85, loss: 0.099835, train acc: 0.962290, train ins_iou: 0.880354
Test 85, loss: 0.180686, test acc: 0.940041  test ins_iou: 0.843013
Learning rate: 0.000750
Train 86, loss: 0.099745, train acc: 0.962350, train ins_iou: 0.880456
Test 86, loss: 0.184354, test acc: 0.939175  test ins_iou: 0.842491
Learning rate: 0.000750
Train 87, loss: 0.099576, train acc: 0.962407, train ins_iou: 0.881271
Test 87, loss: 0.182989, test acc: 0.939825  test ins_iou: 0.843238
Learning rate: 0.000750
Train 88, loss: 0.098499, train acc: 0.962728, train ins_iou: 0.881723
Test 88, loss: 0.185027, test acc: 0.939870  test ins_iou: 0.843229
Learning rate: 0.000750
Train 89, loss: 0.098464, train acc: 0.962765, train ins_iou: 0.881219
Test 89, loss: 0.186394, test acc: 0.939373  test ins_iou: 0.842989
Learning rate: 0.000750
Train 90, loss: 0.098769, train acc: 0.962554, train ins_iou: 0.881243
Test 90, loss: 0.186642, test acc: 0.938861  test ins_iou: 0.842145
Learning rate: 0.000750
Train 91, loss: 0.097874, train acc: 0.962911, train ins_iou: 0.881787
Test 91, loss: 0.185922, test acc: 0.939448  test ins_iou: 0.842257
Learning rate: 0.000750
Train 92, loss: 0.097645, train acc: 0.962992, train ins_iou: 0.881821
Test 92, loss: 0.185183, test acc: 0.939414  test ins_iou: 0.843525
aero iou: 0.82168543
bag iou: 0.79296875
cap iou: 0.8591612
car iou: 0.76887995
chair iou: 0.8953928
ear iou: 0.7648983
guitar iou: 0.9053708
knife iou: 0.8641521
lamp iou: 0.79651225
lapt iou: 0.9560255
moto iou: 0.6879556
mug iou: 0.93709135
Pistol iou: 0.8088738
rock iou: 0.63592196
stake iou: 0.81448144
table iou: 0.82734954
Max class iou:0.82105
Learning rate: 0.000750
Train 93, loss: 0.097298, train acc: 0.963243, train ins_iou: 0.882609
Test 93, loss: 0.185739, test acc: 0.939469  test ins_iou: 0.842723
Learning rate: 0.000750
Train 94, loss: 0.097358, train acc: 0.963201, train ins_iou: 0.882396
Test 94, loss: 0.183035, test acc: 0.939623  test ins_iou: 0.843181
Learning rate: 0.000750
Train 95, loss: 0.097669, train acc: 0.962927, train ins_iou: 0.882184
Test 95, loss: 0.186890, test acc: 0.939286  test ins_iou: 0.843954
Learning rate: 0.000750
Train 96, loss: 0.096619, train acc: 0.963298, train ins_iou: 0.882933
Test 96, loss: 0.183773, test acc: 0.940056  test ins_iou: 0.842775
Learning rate: 0.000750
Train 97, loss: 0.096353, train acc: 0.963447, train ins_iou: 0.882682
Test 97, loss: 0.187420, test acc: 0.939308  test ins_iou: 0.842287
Learning rate: 0.000750
Train 98, loss: 0.095955, train acc: 0.963437, train ins_iou: 0.883321
Test 98, loss: 0.187727, test acc: 0.938781  test ins_iou: 0.840752
Learning rate: 0.000750
Train 99, loss: 0.096027, train acc: 0.963558, train ins_iou: 0.883335
Test 99, loss: 0.187830, test acc: 0.939568  test ins_iou: 0.844174
Learning rate: 0.000750
Train 100, loss: 0.095505, train acc: 0.963803, train ins_iou: 0.883899
Test 100, loss: 0.187483, test acc: 0.939872  test ins_iou: 0.844051
Learning rate: 0.000750
Train 101, loss: 0.095008, train acc: 0.963897, train ins_iou: 0.884283
Test 101, loss: 0.191078, test acc: 0.938274  test ins_iou: 0.842093
aero iou: 0.81810325
bag iou: 0.7962996
cap iou: 0.8699862
car iou: 0.769605
chair iou: 0.89208627
ear iou: 0.7385805
guitar iou: 0.9076916
knife iou: 0.8640672
lamp iou: 0.7854725
lapt iou: 0.9538466
moto iou: 0.6812354
mug iou: 0.9489237
Pistol iou: 0.8118372
rock iou: 0.66110903
stake iou: 0.8120838
table iou: 0.8297434
Max class iou:0.82129
Learning rate: 0.000750
Train 102, loss: 0.095065, train acc: 0.963853, train ins_iou: 0.884276
Test 102, loss: 0.189605, test acc: 0.939426  test ins_iou: 0.842923
Learning rate: 0.000750
Train 103, loss: 0.094739, train acc: 0.963927, train ins_iou: 0.884427
Test 103, loss: 0.189052, test acc: 0.938485  test ins_iou: 0.842387
Learning rate: 0.000750
Train 104, loss: 0.094970, train acc: 0.963849, train ins_iou: 0.884297
Test 104, loss: 0.189471, test acc: 0.938896  test ins_iou: 0.842375
Learning rate: 0.000750
Train 105, loss: 0.094691, train acc: 0.963897, train ins_iou: 0.884280
Test 105, loss: 0.189025, test acc: 0.939097  test ins_iou: 0.843892
Learning rate: 0.000750
Train 106, loss: 0.094187, train acc: 0.964116, train ins_iou: 0.884883
Test 106, loss: 0.189207, test acc: 0.939194  test ins_iou: 0.843249
Learning rate: 0.000750
Train 107, loss: 0.093667, train acc: 0.964299, train ins_iou: 0.885247
Test 107, loss: 0.185111, test acc: 0.939954  test ins_iou: 0.842905
Learning rate: 0.000750
Train 108, loss: 0.094220, train acc: 0.964126, train ins_iou: 0.884830
Test 108, loss: 0.192815, test acc: 0.938993  test ins_iou: 0.843359
Learning rate: 0.000750
Train 109, loss: 0.093175, train acc: 0.964574, train ins_iou: 0.885596
Test 109, loss: 0.189925, test acc: 0.939265  test ins_iou: 0.842885
Learning rate: 0.000750
Train 110, loss: 0.093461, train acc: 0.964334, train ins_iou: 0.885273
Test 110, loss: 0.190781, test acc: 0.939446  test ins_iou: 0.843378
Learning rate: 0.000750
Train 111, loss: 0.093024, train acc: 0.964490, train ins_iou: 0.885466
Test 111, loss: 0.190927, test acc: 0.939232  test ins_iou: 0.842309
Learning rate: 0.000750
Train 112, loss: 0.092629, train acc: 0.964599, train ins_iou: 0.886097
Test 112, loss: 0.193946, test acc: 0.937908  test ins_iou: 0.842187
Learning rate: 0.000750
Train 113, loss: 0.092040, train acc: 0.964896, train ins_iou: 0.886963
Test 113, loss: 0.189954, test acc: 0.939469  test ins_iou: 0.842940
Learning rate: 0.000750
Train 114, loss: 0.092415, train acc: 0.964679, train ins_iou: 0.886090
Test 114, loss: 0.190011, test acc: 0.939547  test ins_iou: 0.843225
Learning rate: 0.000750
Train 115, loss: 0.092389, train acc: 0.964671, train ins_iou: 0.886287
Test 115, loss: 0.192838, test acc: 0.939160  test ins_iou: 0.843773
Learning rate: 0.000750
Train 116, loss: 0.092231, train acc: 0.964674, train ins_iou: 0.886511
Test 116, loss: 0.193702, test acc: 0.938767  test ins_iou: 0.842602
Learning rate: 0.000750
Train 117, loss: 0.092089, train acc: 0.964878, train ins_iou: 0.887208
Test 117, loss: 0.186843, test acc: 0.940132  test ins_iou: 0.844506
Max instance iou:0.84451
Learning rate: 0.000750
Train 118, loss: 0.091267, train acc: 0.965121, train ins_iou: 0.887428
Test 118, loss: 0.192826, test acc: 0.939526  test ins_iou: 0.843234
Learning rate: 0.000750
Train 119, loss: 0.090743, train acc: 0.965328, train ins_iou: 0.887616
Test 119, loss: 0.194592, test acc: 0.938539  test ins_iou: 0.842405
Learning rate: 0.000375
Train 120, loss: 0.091299, train acc: 0.965048, train ins_iou: 0.887190
Test 120, loss: 0.189955, test acc: 0.939926  test ins_iou: 0.843375
Learning rate: 0.000375
Train 121, loss: 0.088606, train acc: 0.966043, train ins_iou: 0.889601
Test 121, loss: 0.192446, test acc: 0.939555  test ins_iou: 0.844729
Max instance iou:0.84473
Learning rate: 0.000375
Train 122, loss: 0.087664, train acc: 0.966403, train ins_iou: 0.890260
Test 122, loss: 0.189855, test acc: 0.940618  test ins_iou: 0.845347
Max Acc:0.94062
Max instance iou:0.84535
aero iou: 0.82499254
bag iou: 0.78521883
cap iou: 0.8382988
car iou: 0.7761047
chair iou: 0.89509827
ear iou: 0.74283105
guitar iou: 0.9098457
knife iou: 0.8660989
lamp iou: 0.7969449
lapt iou: 0.95433056
moto iou: 0.7007734
mug iou: 0.9496853
Pistol iou: 0.8176246
rock iou: 0.644542
stake iou: 0.80999595
table iou: 0.82910335
Max class iou:0.82134
Learning rate: 0.000375
Train 123, loss: 0.087004, train acc: 0.966660, train ins_iou: 0.891225
Test 123, loss: 0.192932, test acc: 0.939947  test ins_iou: 0.843209
Learning rate: 0.000375
Train 124, loss: 0.087033, train acc: 0.966584, train ins_iou: 0.891361
Test 124, loss: 0.190710, test acc: 0.940447  test ins_iou: 0.846753
Max instance iou:0.84675
aero iou: 0.8250306
bag iou: 0.78614634
cap iou: 0.8402329
car iou: 0.7749005
chair iou: 0.89475405
ear iou: 0.7489485
guitar iou: 0.9078201
knife iou: 0.86771184
lamp iou: 0.80317384
lapt iou: 0.95485026
moto iou: 0.69649065
mug iou: 0.95212305
Pistol iou: 0.8137831
rock iou: 0.65633625
stake iou: 0.8066129
table iou: 0.8326023
Max class iou:0.82259
Learning rate: 0.000375
Train 125, loss: 0.086672, train acc: 0.966716, train ins_iou: 0.891482
Test 125, loss: 0.190967, test acc: 0.940722  test ins_iou: 0.845693
Max Acc:0.94072
aero iou: 0.8249642
bag iou: 0.7934869
cap iou: 0.8384604
car iou: 0.7792558
chair iou: 0.8949118
ear iou: 0.7602266
guitar iou: 0.90998685
knife iou: 0.8690845
lamp iou: 0.80435014
lapt iou: 0.95700765
moto iou: 0.7069696
mug iou: 0.94580793
Pistol iou: 0.8157915
rock iou: 0.6457358
stake iou: 0.8000521
table iou: 0.82660496
Max class iou:0.82329
Learning rate: 0.000375
Train 126, loss: 0.086604, train acc: 0.966714, train ins_iou: 0.891617
Test 126, loss: 0.190552, test acc: 0.940589  test ins_iou: 0.844853
Learning rate: 0.000375
Train 127, loss: 0.086464, train acc: 0.966728, train ins_iou: 0.891458
Test 127, loss: 0.196138, test acc: 0.939321  test ins_iou: 0.845355
Learning rate: 0.000375
Train 128, loss: 0.086528, train acc: 0.966708, train ins_iou: 0.891216
Test 128, loss: 0.196679, test acc: 0.939836  test ins_iou: 0.843565
Learning rate: 0.000375
Train 129, loss: 0.086466, train acc: 0.966729, train ins_iou: 0.891454
Test 129, loss: 0.196080, test acc: 0.939396  test ins_iou: 0.844257
Learning rate: 0.000375
Train 130, loss: 0.085611, train acc: 0.967051, train ins_iou: 0.892003
Test 130, loss: 0.195411, test acc: 0.940130  test ins_iou: 0.844741
Learning rate: 0.000375
Train 131, loss: 0.086278, train acc: 0.966827, train ins_iou: 0.891498
Test 131, loss: 0.194321, test acc: 0.939904  test ins_iou: 0.844461
aero iou: 0.82423127
bag iou: 0.8050629
cap iou: 0.83249116
car iou: 0.7794911
chair iou: 0.8950657
ear iou: 0.76343644
guitar iou: 0.91010404
knife iou: 0.86398375
lamp iou: 0.80204105
lapt iou: 0.9560913
moto iou: 0.7030695
mug iou: 0.9378361
Pistol iou: 0.8127516
rock iou: 0.6596774
stake iou: 0.80449927
table iou: 0.8241056
Max class iou:0.82337
Learning rate: 0.000375
Train 132, loss: 0.085906, train acc: 0.966934, train ins_iou: 0.891837
Test 132, loss: 0.196344, test acc: 0.939695  test ins_iou: 0.843915
Learning rate: 0.000375
Train 133, loss: 0.086083, train acc: 0.966871, train ins_iou: 0.891640
Test 133, loss: 0.195708, test acc: 0.939710  test ins_iou: 0.844282
Learning rate: 0.000375
Train 134, loss: 0.085987, train acc: 0.966866, train ins_iou: 0.891596
Test 134, loss: 0.193506, test acc: 0.940419  test ins_iou: 0.845401
Learning rate: 0.000375
Train 135, loss: 0.085535, train acc: 0.967102, train ins_iou: 0.891891
Test 135, loss: 0.194198, test acc: 0.939865  test ins_iou: 0.844783
Learning rate: 0.000375
Train 136, loss: 0.085582, train acc: 0.967011, train ins_iou: 0.892131
Test 136, loss: 0.192463, test acc: 0.940252  test ins_iou: 0.843625
Learning rate: 0.000375
Train 137, loss: 0.085282, train acc: 0.967047, train ins_iou: 0.892141
Test 137, loss: 0.195335, test acc: 0.939972  test ins_iou: 0.844517
Learning rate: 0.000375
Train 138, loss: 0.084930, train acc: 0.967159, train ins_iou: 0.892669
Test 138, loss: 0.195430, test acc: 0.939844  test ins_iou: 0.845348
aero iou: 0.8245432
bag iou: 0.82609165
cap iou: 0.85280424
car iou: 0.7754654
chair iou: 0.893684
ear iou: 0.73007756
guitar iou: 0.91054684
knife iou: 0.86609477
lamp iou: 0.80053306
lapt iou: 0.9539579
moto iou: 0.71302354
mug iou: 0.9441892
Pistol iou: 0.82371616
rock iou: 0.6270605
stake iou: 0.81128156
table iou: 0.8280177
Max class iou:0.82382
Learning rate: 0.000375
Train 139, loss: 0.085456, train acc: 0.967133, train ins_iou: 0.892162
Test 139, loss: 0.200296, test acc: 0.939960  test ins_iou: 0.845040
Learning rate: 0.000375
Train 140, loss: 0.084931, train acc: 0.967264, train ins_iou: 0.892550
Test 140, loss: 0.191922, test acc: 0.941191  test ins_iou: 0.847665
Max Acc:0.94119
Max instance iou:0.84766
aero iou: 0.8241183
bag iou: 0.8072353
cap iou: 0.85434836
car iou: 0.7765436
chair iou: 0.8958675
ear iou: 0.75432044
guitar iou: 0.9116862
knife iou: 0.86617315
lamp iou: 0.80161613
lapt iou: 0.9556113
moto iou: 0.7112863
mug iou: 0.9428272
Pistol iou: 0.81800973
rock iou: 0.63972336
stake iou: 0.79746145
table iou: 0.8339576
Max class iou:0.82442
Learning rate: 0.000375
Train 141, loss: 0.084952, train acc: 0.967235, train ins_iou: 0.892499
Test 141, loss: 0.194978, test acc: 0.940638  test ins_iou: 0.845191
Learning rate: 0.000375
Train 142, loss: 0.084974, train acc: 0.967227, train ins_iou: 0.893213
Test 142, loss: 0.195461, test acc: 0.940075  test ins_iou: 0.844262
Learning rate: 0.000375
Train 143, loss: 0.084848, train acc: 0.967296, train ins_iou: 0.892570
Test 143, loss: 0.194163, test acc: 0.940621  test ins_iou: 0.845221
Learning rate: 0.000375
Train 144, loss: 0.084658, train acc: 0.967379, train ins_iou: 0.893052
Test 144, loss: 0.197251, test acc: 0.940066  test ins_iou: 0.844603
Learning rate: 0.000375
Train 145, loss: 0.084314, train acc: 0.967509, train ins_iou: 0.893533
Test 145, loss: 0.197307, test acc: 0.939759  test ins_iou: 0.843301
Learning rate: 0.000375
Train 146, loss: 0.084519, train acc: 0.967397, train ins_iou: 0.893261
Test 146, loss: 0.193583, test acc: 0.940987  test ins_iou: 0.846141
Learning rate: 0.000375
Train 147, loss: 0.084284, train acc: 0.967487, train ins_iou: 0.892726
Test 147, loss: 0.199306, test acc: 0.939274  test ins_iou: 0.843971
Learning rate: 0.000375
Train 148, loss: 0.084078, train acc: 0.967580, train ins_iou: 0.893642
Test 148, loss: 0.196500, test acc: 0.940281  test ins_iou: 0.844810
Learning rate: 0.000375
Train 149, loss: 0.084288, train acc: 0.967381, train ins_iou: 0.893239
Test 149, loss: 0.196326, test acc: 0.940117  test ins_iou: 0.845077
Learning rate: 0.000375
Train 150, loss: 0.083557, train acc: 0.967751, train ins_iou: 0.893810
Test 150, loss: 0.195344, test acc: 0.940304  test ins_iou: 0.845945
Learning rate: 0.000375
Train 151, loss: 0.083690, train acc: 0.967652, train ins_iou: 0.893678
Test 151, loss: 0.196483, test acc: 0.940015  test ins_iou: 0.845320
Learning rate: 0.000375
Train 152, loss: 0.083365, train acc: 0.967806, train ins_iou: 0.894207
Test 152, loss: 0.193824, test acc: 0.940773  test ins_iou: 0.845778
aero iou: 0.8232675
bag iou: 0.82601726
cap iou: 0.8441086
car iou: 0.7756926
chair iou: 0.8957363
ear iou: 0.76873815
guitar iou: 0.9095786
knife iou: 0.86480504
lamp iou: 0.7993926
lapt iou: 0.9575575
moto iou: 0.70790946
mug iou: 0.94282794
Pistol iou: 0.807098
rock iou: 0.6575333
stake iou: 0.8012945
table iou: 0.82922083
Max class iou:0.82567
Learning rate: 0.000375
Train 153, loss: 0.083972, train acc: 0.967510, train ins_iou: 0.893474
Test 153, loss: 0.197472, test acc: 0.939942  test ins_iou: 0.845516
Learning rate: 0.000375
Train 154, loss: 0.083528, train acc: 0.967698, train ins_iou: 0.893914
Test 154, loss: 0.198188, test acc: 0.940166  test ins_iou: 0.845448
Learning rate: 0.000375
Train 155, loss: 0.083179, train acc: 0.967884, train ins_iou: 0.894368
Test 155, loss: 0.197058, test acc: 0.940324  test ins_iou: 0.845071
Learning rate: 0.000375
Train 156, loss: 0.083272, train acc: 0.967861, train ins_iou: 0.894058
Test 156, loss: 0.194270, test acc: 0.940537  test ins_iou: 0.846212
Learning rate: 0.000375
Train 157, loss: 0.083204, train acc: 0.967802, train ins_iou: 0.894373
Test 157, loss: 0.197111, test acc: 0.939642  test ins_iou: 0.843515
Learning rate: 0.000375
Train 158, loss: 0.083217, train acc: 0.967795, train ins_iou: 0.894095
Test 158, loss: 0.198404, test acc: 0.940280  test ins_iou: 0.845067
Learning rate: 0.000375
Train 159, loss: 0.083107, train acc: 0.967919, train ins_iou: 0.894439
Test 159, loss: 0.197592, test acc: 0.940295  test ins_iou: 0.844265
Learning rate: 0.000188
Train 160, loss: 0.083429, train acc: 0.967726, train ins_iou: 0.894008
Test 160, loss: 0.197336, test acc: 0.940244  test ins_iou: 0.845835
aero iou: 0.8207396
bag iou: 0.81358093
cap iou: 0.8553551
car iou: 0.78039336
chair iou: 0.89536744
ear iou: 0.72861445
guitar iou: 0.9101948
knife iou: 0.8686331
lamp iou: 0.8001615
lapt iou: 0.9568197
moto iou: 0.7083313
mug iou: 0.9445645
Pistol iou: 0.82068115
rock iou: 0.66473526
stake iou: 0.81482005
table iou: 0.82851416
Max class iou:0.82572
Learning rate: 0.000188
Train 161, loss: 0.081669, train acc: 0.968358, train ins_iou: 0.895677
Test 161, loss: 0.196589, test acc: 0.940290  test ins_iou: 0.845426
Learning rate: 0.000188
Train 162, loss: 0.081347, train acc: 0.968450, train ins_iou: 0.895961
Test 162, loss: 0.197591, test acc: 0.940517  test ins_iou: 0.844364
Learning rate: 0.000188
Train 163, loss: 0.081053, train acc: 0.968552, train ins_iou: 0.895995
Test 163, loss: 0.195849, test acc: 0.940628  test ins_iou: 0.845619
Learning rate: 0.000188
Train 164, loss: 0.080749, train acc: 0.968725, train ins_iou: 0.896591
Test 164, loss: 0.198583, test acc: 0.940362  test ins_iou: 0.845378
Learning rate: 0.000188
Train 165, loss: 0.080882, train acc: 0.968619, train ins_iou: 0.896089
Test 165, loss: 0.203529, test acc: 0.939740  test ins_iou: 0.844267
Learning rate: 0.000188
Train 166, loss: 0.081078, train acc: 0.968594, train ins_iou: 0.896165
Test 166, loss: 0.197928, test acc: 0.940595  test ins_iou: 0.846146
Learning rate: 0.000188
Train 167, loss: 0.080781, train acc: 0.968628, train ins_iou: 0.896387
Test 167, loss: 0.203567, test acc: 0.939892  test ins_iou: 0.844847
Learning rate: 0.000188
Train 168, loss: 0.080750, train acc: 0.968696, train ins_iou: 0.896323
Test 168, loss: 0.200068, test acc: 0.939837  test ins_iou: 0.844485
Learning rate: 0.000188
Train 169, loss: 0.080431, train acc: 0.968725, train ins_iou: 0.896737
Test 169, loss: 0.201032, test acc: 0.940064  test ins_iou: 0.844706
Learning rate: 0.000188
Train 170, loss: 0.080612, train acc: 0.968723, train ins_iou: 0.896621
Test 170, loss: 0.197860, test acc: 0.940458  test ins_iou: 0.845318
Learning rate: 0.000188
Train 171, loss: 0.080162, train acc: 0.968850, train ins_iou: 0.896597
Test 171, loss: 0.201423, test acc: 0.940023  test ins_iou: 0.844442
Learning rate: 0.000188
Train 172, loss: 0.080410, train acc: 0.968761, train ins_iou: 0.897009
Test 172, loss: 0.202079, test acc: 0.939882  test ins_iou: 0.845132
Learning rate: 0.000188
Train 173, loss: 0.080375, train acc: 0.968835, train ins_iou: 0.897272
Test 173, loss: 0.201270, test acc: 0.940374  test ins_iou: 0.846139
Learning rate: 0.000188
Train 174, loss: 0.080376, train acc: 0.968774, train ins_iou: 0.896705
Test 174, loss: 0.201570, test acc: 0.940217  test ins_iou: 0.845449
Learning rate: 0.000188
Train 175, loss: 0.080259, train acc: 0.968896, train ins_iou: 0.896837
Test 175, loss: 0.199110, test acc: 0.940488  test ins_iou: 0.845651
Learning rate: 0.000188
Train 176, loss: 0.080208, train acc: 0.968851, train ins_iou: 0.896721
Test 176, loss: 0.201362, test acc: 0.940443  test ins_iou: 0.845483
Learning rate: 0.000188
Train 177, loss: 0.079932, train acc: 0.969017, train ins_iou: 0.897372
Test 177, loss: 0.200515, test acc: 0.940280  test ins_iou: 0.844995
Learning rate: 0.000188
Train 178, loss: 0.080196, train acc: 0.968843, train ins_iou: 0.896917
Test 178, loss: 0.201940, test acc: 0.940072  test ins_iou: 0.845335
Learning rate: 0.000188
Train 179, loss: 0.080283, train acc: 0.968832, train ins_iou: 0.896776
Test 179, loss: 0.199173, test acc: 0.940438  test ins_iou: 0.845346
Learning rate: 0.000188
Train 180, loss: 0.080023, train acc: 0.968936, train ins_iou: 0.896954
Test 180, loss: 0.200124, test acc: 0.940415  test ins_iou: 0.846008
Learning rate: 0.000188
Train 181, loss: 0.079891, train acc: 0.968980, train ins_iou: 0.897245
Test 181, loss: 0.200131, test acc: 0.940247  test ins_iou: 0.845556
Learning rate: 0.000188
Train 182, loss: 0.080059, train acc: 0.968841, train ins_iou: 0.896719
Test 182, loss: 0.200767, test acc: 0.940079  test ins_iou: 0.845433
Learning rate: 0.000188
Train 183, loss: 0.080074, train acc: 0.968946, train ins_iou: 0.896864
Test 183, loss: 0.202405, test acc: 0.939569  test ins_iou: 0.843556
Learning rate: 0.000188
Train 184, loss: 0.079938, train acc: 0.969021, train ins_iou: 0.897475
Test 184, loss: 0.201375, test acc: 0.940127  test ins_iou: 0.845600
Learning rate: 0.000188
Train 185, loss: 0.079980, train acc: 0.968936, train ins_iou: 0.897104
Test 185, loss: 0.199973, test acc: 0.940446  test ins_iou: 0.844736
Learning rate: 0.000188
Train 186, loss: 0.079753, train acc: 0.968979, train ins_iou: 0.897142
Test 186, loss: 0.200797, test acc: 0.940465  test ins_iou: 0.845338
Learning rate: 0.000188
Train 187, loss: 0.079643, train acc: 0.969100, train ins_iou: 0.897847
Test 187, loss: 0.203208, test acc: 0.940092  test ins_iou: 0.845406
Learning rate: 0.000188
Train 188, loss: 0.079629, train acc: 0.969042, train ins_iou: 0.897305
Test 188, loss: 0.200873, test acc: 0.940357  test ins_iou: 0.844950
Learning rate: 0.000188
Train 189, loss: 0.079345, train acc: 0.969227, train ins_iou: 0.897375
Test 189, loss: 0.203423, test acc: 0.939538  test ins_iou: 0.844263
Learning rate: 0.000188
Train 190, loss: 0.079583, train acc: 0.969063, train ins_iou: 0.897161
Test 190, loss: 0.199911, test acc: 0.940634  test ins_iou: 0.846033
Learning rate: 0.000188
Train 191, loss: 0.079475, train acc: 0.969128, train ins_iou: 0.897624
Test 191, loss: 0.201558, test acc: 0.940645  test ins_iou: 0.845448
Learning rate: 0.000188
Train 192, loss: 0.079252, train acc: 0.969241, train ins_iou: 0.897817
Test 192, loss: 0.202264, test acc: 0.939799  test ins_iou: 0.845680
Learning rate: 0.000188
Train 193, loss: 0.079159, train acc: 0.969243, train ins_iou: 0.897852
Test 193, loss: 0.202323, test acc: 0.940169  test ins_iou: 0.845023
Learning rate: 0.000188
Train 194, loss: 0.079187, train acc: 0.969185, train ins_iou: 0.898031
Test 194, loss: 0.203975, test acc: 0.939886  test ins_iou: 0.845292
Learning rate: 0.000188
Train 195, loss: 0.079443, train acc: 0.969143, train ins_iou: 0.897626
Test 195, loss: 0.202010, test acc: 0.940298  test ins_iou: 0.845354
Learning rate: 0.000188
Train 196, loss: 0.078761, train acc: 0.969348, train ins_iou: 0.898461
Test 196, loss: 0.203430, test acc: 0.939894  test ins_iou: 0.844059
Learning rate: 0.000188
Train 197, loss: 0.079340, train acc: 0.969162, train ins_iou: 0.897845
Test 197, loss: 0.202028, test acc: 0.940081  test ins_iou: 0.845080
Learning rate: 0.000188
Train 198, loss: 0.078834, train acc: 0.969361, train ins_iou: 0.898298
Test 198, loss: 0.202850, test acc: 0.940385  test ins_iou: 0.844447
Learning rate: 0.000188
Train 199, loss: 0.079034, train acc: 0.969249, train ins_iou: 0.898340
Test 199, loss: 0.201897, test acc: 0.940282  test ins_iou: 0.844974
Learning rate: 0.000094
Train 200, loss: 0.078981, train acc: 0.969269, train ins_iou: 0.898154
Test 200, loss: 0.201995, test acc: 0.940015  test ins_iou: 0.844387
Learning rate: 0.000094
Train 201, loss: 0.078275, train acc: 0.969604, train ins_iou: 0.898446
Test 201, loss: 0.204366, test acc: 0.939915  test ins_iou: 0.844887
Learning rate: 0.000094
Train 202, loss: 0.078223, train acc: 0.969547, train ins_iou: 0.898434
Test 202, loss: 0.203464, test acc: 0.940066  test ins_iou: 0.844730
Learning rate: 0.000094
Train 203, loss: 0.078079, train acc: 0.969617, train ins_iou: 0.898817
Test 203, loss: 0.203332, test acc: 0.940696  test ins_iou: 0.846239
Learning rate: 0.000094
Train 204, loss: 0.077935, train acc: 0.969646, train ins_iou: 0.898835
Test 204, loss: 0.203237, test acc: 0.940393  test ins_iou: 0.845157
Learning rate: 0.000094
Train 205, loss: 0.077790, train acc: 0.969700, train ins_iou: 0.899013
Test 205, loss: 0.204651, test acc: 0.940162  test ins_iou: 0.845577
Learning rate: 0.000094
Train 206, loss: 0.078331, train acc: 0.969535, train ins_iou: 0.898915
Test 206, loss: 0.204977, test acc: 0.940197  test ins_iou: 0.845099
Learning rate: 0.000094
Train 207, loss: 0.077689, train acc: 0.969715, train ins_iou: 0.899291
Test 207, loss: 0.204450, test acc: 0.940481  test ins_iou: 0.845346
Learning rate: 0.000094
Train 208, loss: 0.077786, train acc: 0.969691, train ins_iou: 0.899029
Test 208, loss: 0.204968, test acc: 0.940254  test ins_iou: 0.845811
Learning rate: 0.000094
Train 209, loss: 0.077992, train acc: 0.969637, train ins_iou: 0.899209
Test 209, loss: 0.204383, test acc: 0.939966  test ins_iou: 0.845410
Learning rate: 0.000094
Train 210, loss: 0.077821, train acc: 0.969691, train ins_iou: 0.899284
Test 210, loss: 0.205162, test acc: 0.940097  test ins_iou: 0.846536
Learning rate: 0.000094
Train 211, loss: 0.077957, train acc: 0.969668, train ins_iou: 0.899016
Test 211, loss: 0.205523, test acc: 0.940337  test ins_iou: 0.844747
Learning rate: 0.000094
Train 212, loss: 0.077786, train acc: 0.969662, train ins_iou: 0.899104
Test 212, loss: 0.204981, test acc: 0.940282  test ins_iou: 0.845185
Learning rate: 0.000094
Train 213, loss: 0.077670, train acc: 0.969802, train ins_iou: 0.899384
Test 213, loss: 0.202223, test acc: 0.940417  test ins_iou: 0.845134
Learning rate: 0.000094
Train 214, loss: 0.077447, train acc: 0.969893, train ins_iou: 0.899579
Test 214, loss: 0.204493, test acc: 0.940319  test ins_iou: 0.845632
Learning rate: 0.000094
Train 215, loss: 0.077577, train acc: 0.969741, train ins_iou: 0.899376
Test 215, loss: 0.208228, test acc: 0.940344  test ins_iou: 0.845355
Learning rate: 0.000094
Train 216, loss: 0.077464, train acc: 0.969850, train ins_iou: 0.899553
Test 216, loss: 0.203646, test acc: 0.940428  test ins_iou: 0.845265
Learning rate: 0.000094
Train 217, loss: 0.077670, train acc: 0.969718, train ins_iou: 0.899490
Test 217, loss: 0.205899, test acc: 0.939703  test ins_iou: 0.844010
Learning rate: 0.000094
Train 218, loss: 0.077720, train acc: 0.969725, train ins_iou: 0.899111
Test 218, loss: 0.203799, test acc: 0.940413  test ins_iou: 0.844676
Learning rate: 0.000094
Train 219, loss: 0.077211, train acc: 0.969890, train ins_iou: 0.899658
Test 219, loss: 0.204999, test acc: 0.940238  test ins_iou: 0.846398
Learning rate: 0.000094
Train 220, loss: 0.077587, train acc: 0.969832, train ins_iou: 0.899562
Test 220, loss: 0.203494, test acc: 0.940303  test ins_iou: 0.845697
Learning rate: 0.000094
Train 221, loss: 0.077325, train acc: 0.969849, train ins_iou: 0.899335
Test 221, loss: 0.204141, test acc: 0.940064  test ins_iou: 0.845334
Learning rate: 0.000094
Train 222, loss: 0.077485, train acc: 0.969858, train ins_iou: 0.899447
Test 222, loss: 0.203556, test acc: 0.940390  test ins_iou: 0.846196
Learning rate: 0.000094
Train 223, loss: 0.077277, train acc: 0.969894, train ins_iou: 0.899543
Test 223, loss: 0.204456, test acc: 0.940618  test ins_iou: 0.846190
Learning rate: 0.000094
Train 224, loss: 0.077247, train acc: 0.969891, train ins_iou: 0.899591
Test 224, loss: 0.203490, test acc: 0.940271  test ins_iou: 0.845026
Learning rate: 0.000094
Train 225, loss: 0.077183, train acc: 0.969928, train ins_iou: 0.899389
Test 225, loss: 0.206140, test acc: 0.940126  test ins_iou: 0.845054
Learning rate: 0.000094
Train 226, loss: 0.077375, train acc: 0.969847, train ins_iou: 0.899858
Test 226, loss: 0.205924, test acc: 0.939819  test ins_iou: 0.844881
Learning rate: 0.000094
Train 227, loss: 0.077442, train acc: 0.969819, train ins_iou: 0.899659
Test 227, loss: 0.205100, test acc: 0.940281  test ins_iou: 0.845251
Learning rate: 0.000094
Train 228, loss: 0.077061, train acc: 0.969967, train ins_iou: 0.899567
Test 228, loss: 0.205590, test acc: 0.939953  test ins_iou: 0.845385
Learning rate: 0.000094
Train 229, loss: 0.077111, train acc: 0.969893, train ins_iou: 0.899718
Test 229, loss: 0.205468, test acc: 0.940199  test ins_iou: 0.845703
Learning rate: 0.000094
Train 230, loss: 0.077633, train acc: 0.969725, train ins_iou: 0.899089
Test 230, loss: 0.205413, test acc: 0.940272  test ins_iou: 0.845365
Learning rate: 0.000094
Train 231, loss: 0.077205, train acc: 0.969923, train ins_iou: 0.899533
Test 231, loss: 0.203921, test acc: 0.940355  test ins_iou: 0.845765
Learning rate: 0.000094
Train 232, loss: 0.077264, train acc: 0.969875, train ins_iou: 0.899295
Test 232, loss: 0.205079, test acc: 0.940327  test ins_iou: 0.845400
Learning rate: 0.000094
Train 233, loss: 0.077279, train acc: 0.969900, train ins_iou: 0.899644
Test 233, loss: 0.205400, test acc: 0.940132  test ins_iou: 0.845185
Learning rate: 0.000094
Train 234, loss: 0.076885, train acc: 0.970066, train ins_iou: 0.899883
Test 234, loss: 0.203624, test acc: 0.940520  test ins_iou: 0.845048
Learning rate: 0.000094
Train 235, loss: 0.077014, train acc: 0.969952, train ins_iou: 0.899765
Test 235, loss: 0.205034, test acc: 0.940406  test ins_iou: 0.845529
Learning rate: 0.000094
Train 236, loss: 0.076979, train acc: 0.970026, train ins_iou: 0.900106
Test 236, loss: 0.205309, test acc: 0.940494  test ins_iou: 0.846441
Learning rate: 0.000094
Train 237, loss: 0.076991, train acc: 0.969970, train ins_iou: 0.900176
Test 237, loss: 0.206712, test acc: 0.939835  test ins_iou: 0.845771
Learning rate: 0.000094
Train 238, loss: 0.077095, train acc: 0.969912, train ins_iou: 0.899739
Test 238, loss: 0.205463, test acc: 0.940033  test ins_iou: 0.844692
Learning rate: 0.000094
Train 239, loss: 0.076759, train acc: 0.970065, train ins_iou: 0.900041
Test 239, loss: 0.204489, test acc: 0.940671  test ins_iou: 0.845479
Learning rate: 0.000047
Train 240, loss: 0.076833, train acc: 0.970035, train ins_iou: 0.900058
Test 240, loss: 0.205809, test acc: 0.940503  test ins_iou: 0.845643
Learning rate: 0.000047
Train 241, loss: 0.076752, train acc: 0.970049, train ins_iou: 0.900128
Test 241, loss: 0.204639, test acc: 0.940579  test ins_iou: 0.845566
Learning rate: 0.000047
Train 242, loss: 0.076654, train acc: 0.970069, train ins_iou: 0.900081
Test 242, loss: 0.205490, test acc: 0.940179  test ins_iou: 0.845258
Learning rate: 0.000047
Train 243, loss: 0.076842, train acc: 0.969982, train ins_iou: 0.900205
Test 243, loss: 0.204661, test acc: 0.939990  test ins_iou: 0.844966
Learning rate: 0.000047
Train 244, loss: 0.076715, train acc: 0.970076, train ins_iou: 0.900480
Test 244, loss: 0.204262, test acc: 0.940510  test ins_iou: 0.845641
Learning rate: 0.000047
Train 245, loss: 0.076622, train acc: 0.970067, train ins_iou: 0.900146
Test 245, loss: 0.205804, test acc: 0.940282  test ins_iou: 0.844972
Learning rate: 0.000047
Train 246, loss: 0.076328, train acc: 0.970224, train ins_iou: 0.900435
Test 246, loss: 0.206030, test acc: 0.940394  test ins_iou: 0.846355
Learning rate: 0.000047
Train 247, loss: 0.076519, train acc: 0.970156, train ins_iou: 0.900903
Test 247, loss: 0.205380, test acc: 0.940636  test ins_iou: 0.846541
Learning rate: 0.000047
Train 248, loss: 0.076560, train acc: 0.970126, train ins_iou: 0.900219
Test 248, loss: 0.205501, test acc: 0.940471  test ins_iou: 0.845738
Learning rate: 0.000047
Train 249, loss: 0.076496, train acc: 0.970132, train ins_iou: 0.900255
Test 249, loss: 0.205159, test acc: 0.940680  test ins_iou: 0.845996
Learning rate: 0.000047
Train 250, loss: 0.076437, train acc: 0.970218, train ins_iou: 0.900726
Test 250, loss: 0.203951, test acc: 0.940912  test ins_iou: 0.845941
Learning rate: 0.000047
Train 251, loss: 0.076403, train acc: 0.970176, train ins_iou: 0.900478
Test 251, loss: 0.204608, test acc: 0.940182  test ins_iou: 0.844188
Learning rate: 0.000047
Train 252, loss: 0.076699, train acc: 0.970107, train ins_iou: 0.899993
Test 252, loss: 0.207103, test acc: 0.939782  test ins_iou: 0.844773
Learning rate: 0.000047
Train 253, loss: 0.076392, train acc: 0.970174, train ins_iou: 0.900488
Test 253, loss: 0.205865, test acc: 0.940439  test ins_iou: 0.845561
Learning rate: 0.000047
Train 254, loss: 0.076346, train acc: 0.970201, train ins_iou: 0.900476
Test 254, loss: 0.204750, test acc: 0.940621  test ins_iou: 0.846026
Learning rate: 0.000047
Train 255, loss: 0.076282, train acc: 0.970201, train ins_iou: 0.900547
Test 255, loss: 0.203636, test acc: 0.940677  test ins_iou: 0.846154
Learning rate: 0.000047
Train 256, loss: 0.076475, train acc: 0.970178, train ins_iou: 0.900662
Test 256, loss: 0.208930, test acc: 0.939472  test ins_iou: 0.844563
Learning rate: 0.000047
Train 257, loss: 0.076422, train acc: 0.970192, train ins_iou: 0.900341
Test 257, loss: 0.205270, test acc: 0.940346  test ins_iou: 0.845039
Learning rate: 0.000047
Train 258, loss: 0.076199, train acc: 0.970241, train ins_iou: 0.900749
Test 258, loss: 0.206596, test acc: 0.940418  test ins_iou: 0.846999
Learning rate: 0.000047
Train 259, loss: 0.076447, train acc: 0.970142, train ins_iou: 0.900339
Test 259, loss: 0.209247, test acc: 0.939882  test ins_iou: 0.844935
Learning rate: 0.000047
Train 260, loss: 0.076070, train acc: 0.970224, train ins_iou: 0.900616
Test 260, loss: 0.204251, test acc: 0.940545  test ins_iou: 0.845973
